<?xml version="1.0" encoding="UTF-8"?>
<testsuite name="LeetspeakTest" tests="1" skipped="0" failures="0" errors="0" timestamp="2015-09-29T23:37:27" hostname="epicodus-111.local" time="0.001">
  <properties/>
  <testcase name="leetspeak_returnsAStringAsIsWhenNoLeetspeakIsPresent_wordDoesntChange" classname="LeetspeakTest" time="0.001"/>
  <system-out><![CDATA[]]></system-out>
  <system-err><![CDATA[]]></system-err>
</testsuite>
